<?xml version="1.0" encoding="UTF-8"?>
<!-- Generated by org.testng.reporters.JUnitReportReporter -->
<testsuite hostname="sss-PC" name="com.brabbler.mobiletesting.GoogleTest" tests="1" failures="0" timestamp="19 May 2019 12:27:42 GMT" time="75.823" errors="0">
  <testcase name="main" time="75.823" classname="com.brabbler.mobiletesting.GoogleTest"/>
</testsuite> <!-- com.brabbler.mobiletesting.GoogleTest -->
